f:\ai_project_v10_fin\ai_project\x64\release\vc140.pdb
f:\ai_project_v10_fin\ai_project\x64\release\vad.obj
f:\ai_project_v10_fin\ai_project\x64\release\tools.obj
f:\ai_project_v10_fin\ai_project\x64\release\stft.obj
f:\ai_project_v10_fin\ai_project\x64\release\snmf.obj
f:\ai_project_v10_fin\ai_project\x64\release\sigproc.obj
f:\ai_project_v10_fin\ai_project\x64\release\rtiva.obj
f:\ai_project_v10_fin\ai_project\x64\release\rtaudio.obj
f:\ai_project_v10_fin\ai_project\x64\release\procbuffers.obj
f:\ai_project_v10_fin\ai_project\x64\release\main.obj
f:\ai_project_v10_fin\ai_project\x64\release\iasiothiscallresolver.obj
f:\ai_project_v10_fin\ai_project\x64\release\asiolist.obj
f:\ai_project_v10_fin\ai_project\x64\release\asiodrivers.obj
f:\ai_project_v10_fin\ai_project\x64\release\asio.obj
f:\ai_project_v10_fin\x64\release\ai_project.exe
f:\ai_project_v10_fin\x64\release\ai_project.ipdb
f:\ai_project_v10_fin\x64\release\ai_project.iobj
f:\ai_project_v10_fin\x64\release\ai_project.pdb
f:\ai_project_v10_fin\ai_project\x64\release\ai_project.tlog\cl.command.1.tlog
f:\ai_project_v10_fin\ai_project\x64\release\ai_project.tlog\cl.read.1.tlog
f:\ai_project_v10_fin\ai_project\x64\release\ai_project.tlog\cl.write.1.tlog
f:\ai_project_v10_fin\ai_project\x64\release\ai_project.tlog\link.command.1.tlog
f:\ai_project_v10_fin\ai_project\x64\release\ai_project.tlog\link.read.1.tlog
f:\ai_project_v10_fin\ai_project\x64\release\ai_project.tlog\link.write.1.tlog
